<?xml version="1.0" encoding="utf-8"?><testsuites name="pytest tests"><testsuite name="pytest" errors="0" failures="1" skipped="0" tests="12" time="5.154" timestamp="2026-04-28T23:05:39.700528+00:00" hostname="agent-env-c4c3512d-95f3-41bf-a3cf-541cf66fabac"><testcase classname="backend.tests.test_integrations.TestPlans" name="test_list_plans_no_auth" time="0.211" /><testcase classname="backend.tests.test_integrations.TestStripeCheckout" name="test_create_checkout_pro" time="0.990" /><testcase classname="backend.tests.test_integrations.TestStripeCheckout" name="test_checkout_status_pending" time="0.253"><failure message="AssertionError: {&quot;detail&quot;:&quot;Erro Stripe: Unexpected error retrieving session status: 1 validation error for CheckoutStatusResponse\nmetadata\n  Input should be a valid dictionary [type=dict_type, input_value=&lt;StripeObject at 0xff9d7d...om/api/webhook/stripe\&quot;\n}, input_type=StripeObject]\n    For further information visit https://errors.pydantic.dev/2.12/v/dict_type&quot;}&#10;assert 502 == 200&#10; +  where 502 = &lt;Response [502]&gt;.status_code">backend/tests/test_integrations.py:108: in test_checkout_status_pending
    assert r.status_code == 200, r.text
E   AssertionError: {"detail":"Erro Stripe: Unexpected error retrieving session status: 1 validation error for CheckoutStatusResponse\nmetadata\n  Input should be a valid dictionary [type=dict_type, input_value=&lt;StripeObject at 0xff9d7d...om/api/webhook/stripe\"\n}, input_type=StripeObject]\n    For further information visit https://errors.pydantic.dev/2.12/v/dict_type"}
E   assert 502 == 200
E    +  where 502 = &lt;Response [502]&gt;.status_code</failure></testcase><testcase classname="backend.tests.test_integrations.TestStripeCheckout" name="test_checkout_invalid_plan" time="0.112" /><testcase classname="backend.tests.test_integrations.TestPush" name="test_public_key_no_auth" time="0.122" /><testcase classname="backend.tests.test_integrations.TestPush" name="test_subscribe_persists" time="0.618" /><testcase classname="backend.tests.test_integrations.TestGoogleOAuth" name="test_status_operador" time="0.140" /><testcase classname="backend.tests.test_integrations.TestGoogleOAuth" name="test_authorize_admin" time="0.126" /><testcase classname="backend.tests.test_integrations.TestGoogleOAuth" name="test_authorize_operador_forbidden" time="0.111" /><testcase classname="backend.tests.test_integrations.TestEnviarMensagemEvolution" name="test_send_returns_structured_failure" time="0.658" /><testcase classname="backend.tests.test_integrations.TestAdminHealth" name="test_health_lists_services" time="1.611" /><testcase classname="backend.tests.test_integrations.TestStripeWebhook" name="test_webhook_invalid_signature_no_crash" time="0.119" /></testsuite></testsuites>